input_output_helper.adb:1:06: warning: redundant with clause in body [-gnatwr]
input_output_helper.adb:2:06: warning: redundant with clause in body [-gnatwr]
input_output_helper.adb:3:06: warning: redundant with clause in body [-gnatwr]
input_output_helper.adb:3:21: warning: "Interfaces" is already use-visible through previous use_clause at input_output_helper.ads:1 [-gnatwr]
input_output_helper.adb:3:21: warning: use clause for package "Interfaces" has no effect [-gnatwu]
input_output_helper.adb:4:09: warning: no entities of "Ada.Text_IO" are referenced [-gnatwu]
input_output_helper.adb:4:19: warning: use clause for package "Text_IO" has no effect [-gnatwu]
input_output_helper.adb:8:06: (style) two spaces required [-gnatyc]
input_output_helper.adb:9:06: (style) two spaces required [-gnatyc]
input_output_helper.adb:15:06: (style) two spaces required [-gnatyc]
input_output_helper.adb:16:06: (style) two spaces required [-gnatyc]
input_output_helper.adb:17:06: (style) two spaces required [-gnatyc]
input_output_helper.adb:18:06: (style) two spaces required [-gnatyc]
input_output_helper.adb:28:06: (style) two spaces required [-gnatyc]
input_output_helper.adb:34:06: (style) two spaces required [-gnatyc]
input_output_helper.adb:40:06: (style) two spaces required [-gnatyc]
input_output_helper.adb:41:06: (style) two spaces required [-gnatyc]
input_output_helper.adb:42:06: (style) two spaces required [-gnatyc]
input_output_helper.adb:48:09: warning: redundant conversion, expression is of type "Unsigned_32" [-gnatwr]
input_output_helper.adb:48:60: (style) space required [-gnatyc]
input_output_helper.adb:49:09: (style) two spaces required [-gnatyc]
input_output_helper.adb:54:01: (style) multiple blank lines [-gnatyu]
input_output_helper.adb:56:06: (style) two spaces required [-gnatyc]
input_output_helper.adb:66:06: (style) two spaces required [-gnatyc]
input_output_helper.adb:70:09: (style) two spaces required [-gnatyc]
input_output_helper.adb:73:10: (style) redundant parentheses [-gnatyx]
input_output_helper.adb:73:27: warning: comparison with True is redundant [-gnatwr]
input_output_helper.adb:79:09: (style) two spaces required [-gnatyc]
input_output_helper.adb:80:09: (style) two spaces required [-gnatyc]
input_output_helper.adb:81:09: (style) two spaces required [-gnatyc]
input_output_helper.adb:82:09: (style) two spaces required [-gnatyc]
input_output_helper.adb:86:06: (style) two spaces required [-gnatyc]
input_output_helper.adb:87:06: (style) two spaces required [-gnatyc]
input_output_helper.adb:88:06: (style) two spaces required [-gnatyc]
input_output_helper.adb:89:06: (style) two spaces required [-gnatyc]
input_output_helper.adb:90:06: (style) two spaces required [-gnatyc]
input_output_helper.adb:94:10: (style) redundant parentheses [-gnatyx]
input_output_helper.adb:101:06: (style) two spaces required [-gnatyc]
input_output_helper.adb:102:06: (style) two spaces required [-gnatyc]
input_output_helper.adb:103:06: (style) two spaces required [-gnatyc]
input_output_helper.adb:104:06: (style) two spaces required [-gnatyc]
input_output_helper.adb:105:06: (style) two spaces required [-gnatyc]
input_output_helper.adb:109:10: (style) redundant parentheses [-gnatyx]
input_output_helper.adb:111:13: (style) redundant parentheses [-gnatyx]
input_output_helper.adb:115:10: (style) redundant parentheses [-gnatyx]
input_output_helper.adb:121:01: (style) multiple blank lines [-gnatyu]
input_output_helper.adb:123:06: (style) two spaces required [-gnatyc]
input_output_helper.adb:126:10: (style) redundant parentheses [-gnatyx]
input_output_helper.adb:128:13: (style) redundant parentheses [-gnatyx]
input_output_helper.adb:130:13: (style) redundant parentheses [-gnatyx]
input_output_helper.adb:137:06: (style) two spaces required [-gnatyc]
input_output_helper.adb:141:10: (style) redundant parentheses [-gnatyx]
input_output_helper.adb:148:06: (style) two spaces required [-gnatyc]
input_output_helper.adb:149:06: (style) two spaces required [-gnatyc]
input_output_helper.adb:150:06: (style) two spaces required [-gnatyc]
input_output_helper.adb:151:06: (style) two spaces required [-gnatyc]
input_output_helper.adb:153:07: warning: "Signed_Val" is not modified, could be declared constant [-gnatwk]
input_output_helper.adb:153:38: (style) space required [-gnatyt]
input_output_helper.adb:156:30: (style) space required [-gnatyt]
input_output_helper.adb:158:30: (style) space required [-gnatyt]
input_output_helper.ads:4:12: warning: unit "System.Storage_Elements" is not referenced in spec [-gnatwu]
input_output_helper.ads:4:12: warning: with clause might be moved to body [-gnatwu]
input_output_helper.ads:8:06: (style) two spaces required [-gnatyc]
input_output_helper.ads:9:06: (style) two spaces required [-gnatyc]
input_output_helper.ads:12:06: (style) two spaces required [-gnatyc]
input_output_helper.ads:15:06: (style) two spaces required [-gnatyc]
input_output_helper.ads:17:06: (style) two spaces required [-gnatyc]
input_output_helper.ads:19:06: (style) two spaces required [-gnatyc]
input_output_helper.ads:22:06: (style) two spaces required [-gnatyc]
input_output_helper.ads:26:06: (style) two spaces required [-gnatyc]
input_output_helper.ads:28:06: (style) two spaces required [-gnatyc]
input_output_helper.ads:29:06: (style) two spaces required [-gnatyc]
input_output_helper.ads:30:06: (style) two spaces required [-gnatyc]
input_output_helper.ads:31:06: (style) two spaces required [-gnatyc]
input_output_helper.ads:34:06: (style) two spaces required [-gnatyc]
input_output_helper.ads:37:06: (style) two spaces required [-gnatyc]
input_output_helper.ads:38:06: (style) two spaces required [-gnatyc]
input_output_helper.ads:41:06: (style) two spaces required [-gnatyc]
input_output_helper.ads:45:06: (style) two spaces required [-gnatyc]
input_output_helper.ads:48:06: (style) two spaces required [-gnatyc]
input_output_helper.ads:51:06: (style) two spaces required [-gnatyc]
input_output_helper.ads:52:06: (style) two spaces required [-gnatyc]
input_output_helper.ads:53:06: (style) two spaces required [-gnatyc]
input_output_helper.ads:56:01: (style) multiple blank lines [-gnatyu]
input_output_helper.ads:58:06: (style) two spaces required [-gnatyc]
input_output_helper.ads:60:14: (style) "in" should be omitted [-gnatyI]
input_output_helper.ads:65:06: (style) two spaces required [-gnatyc]
input_output_helper.ads:66:06: (style) two spaces required [-gnatyc]
input_output_helper.ads:67:06: (style) two spaces required [-gnatyc]
input_output_helper.ads:73:06: (style) two spaces required [-gnatyc]
input_output_helper.ads:75:01: (style) trailing spaces not permitted [-gnatyb]
input_output_helper.ads:76:17: (style) space required [-gnatyt]
input_output_helper.ads:77:17: (style) space required [-gnatyt]
input_output_helper.ads:78:17: (style) space required [-gnatyt]
input_output_helper.ads:79:17: (style) space required [-gnatyt]
input_output_helper.ads:80:17: (style) space required [-gnatyt]
input_output_helper.ads:81:17: (style) space required [-gnatyt]
input_output_helper.ads:82:17: (style) space required [-gnatyt]
input_output_helper.ads:83:17: (style) space required [-gnatyt]
input_output_helper.ads:84:17: (style) space required [-gnatyt]
input_output_helper.ads:85:17: (style) space required [-gnatyt]
input_output_helper.ads:86:17: (style) space required [-gnatyt]
input_output_helper.ads:87:17: (style) space required [-gnatyt]
